# JRE version: 7.0_05-b06
# Java VM: Java HotSpot(TM) 64-Bit Server VM (23.1-b03 mixed mode linux-amd64 compressed oops)
Heap
 PSYoungGen      total 54784K, used 14819K [0x00000000f5560000, 0x00000000f9100000, 0x0000000100000000)
  eden space 48384K, 22% used [0x00000000f5560000,0x00000000f5fe3d38,0x00000000f84a0000)
  from space 6400K, 63% used [0x00000000f84a0000,0x00000000f8895218,0x00000000f8ae0000)
  to   space 6272K, 0% used [0x00000000f8ae0000,0x00000000f8ae0000,0x00000000f9100000)
 ParOldGen       total 105152K, used 67847K [0x00000000e0000000, 0x00000000e66b0000, 0x00000000f5560000)
  object space 105152K, 64% used [0x00000000e0000000,0x00000000e4241fd0,0x00000000e66b0000)
 PSPermGen       total 132672K, used 91508K [0x00000000d0000000, 0x00000000d8190000, 0x00000000e0000000)
  object space 132672K, 68% used [0x00000000d0000000,0x00000000d595d088,0x00000000d8190000)
GC Heap History (10 events):
Event: 5666.278 GC heap before
{Heap before GC invocations=112 (full 3):
 PSYoungGen      total 55104K, used 50748K [0x00000000f5560000, 0x00000000f9250000, 0x0000000100000000)
  eden space 48064K, 100% used [0x00000000f5560000,0x00000000f8450000,0x00000000f8450000)
  from space 7040K, 38% used [0x00000000f8b70000,0x00000000f8e0f3d8,0x00000000f9250000)
  to   space 7168K, 0% used [0x00000000f8450000,0x00000000f8450000,0x00000000f8b50000)
 ParOldGen       total 105152K, used 67043K [0x00000000e0000000, 0x00000000e66b0000, 0x00000000f5560000)
  object space 105152K, 63% used [0x00000000e0000000,0x00000000e4178db8,0x00000000e66b0000)
 PSPermGen       total 132672K, used 91444K [0x00000000d0000000, 0x00000000d8190000, 0x00000000e0000000)
  object space 132672K, 68% used [0x00000000d0000000,0x00000000d594d370,0x00000000d8190000)
Event: 5666.285 GC heap after
Heap after GC invocations=112 (full 3):
 PSYoungGen      total 51072K, used 3007K [0x00000000f5560000, 0x00000000f9210000, 0x0000000100000000)
  eden space 48064K, 0% used [0x00000000f5560000,0x00000000f5560000,0x00000000f8450000)
  from space 3008K, 99% used [0x00000000f8450000,0x00000000f873fce0,0x00000000f8740000)
  to   space 6976K, 0% used [0x00000000f8b40000,0x00000000f8b40000,0x00000000f9210000)
 ParOldGen       total 105152K, used 67123K [0x00000000e0000000, 0x00000000e66b0000, 0x00000000f5560000)
  object space 105152K, 63% used [0x00000000e0000000,0x00000000e418cdb8,0x00000000e66b0000)
 PSPermGen       total 132672K, used 91444K [0x00000000d0000000, 0x00000000d8190000, 0x00000000e0000000)
  object space 132672K, 68% used [0x00000000d0000000,0x00000000d594d370,0x00000000d8190000)
}
Event: 5725.598 GC heap before
{Heap before GC invocations=113 (full 3):
 PSYoungGen      total 51072K, used 51071K [0x00000000f5560000, 0x00000000f9210000, 0x0000000100000000)
  eden space 48064K, 100% used [0x00000000f5560000,0x00000000f8450000,0x00000000f8450000)
  from space 3008K, 99% used [0x00000000f8450000,0x00000000f873fce0,0x00000000f8740000)
  to   space 6976K, 0% used [0x00000000f8b40000,0x00000000f8b40000,0x00000000f9210000)
 ParOldGen       total 105152K, used 67123K [0x00000000e0000000, 0x00000000e66b0000, 0x00000000f5560000)
  object space 105152K, 63% used [0x00000000e0000000,0x00000000e418cdb8,0x00000000e66b0000)
 PSPermGen       total 132672K, used 91501K [0x00000000d0000000, 0x00000000d8190000, 0x00000000e0000000)
  object space 132672K, 68% used [0x00000000d0000000,0x00000000d595b7a0,0x00000000d8190000)
Event: 5725.608 GC heap after
Heap after GC invocations=113 (full 3):
 PSYoungGen      total 54528K, used 3779K [0x00000000f5560000, 0x00000000f9170000, 0x0000000100000000)
  eden space 48192K, 0% used [0x00000000f5560000,0x00000000f5560000,0x00000000f8470000)
  from space 6336K, 59% used [0x00000000f8b40000,0x00000000f8ef0ce0,0x00000000f9170000)
  to   space 6656K, 0% used [0x00000000f8470000,0x00000000f8470000,0x00000000f8af0000)
 ParOldGen       total 105152K, used 67622K [0x00000000e0000000, 0x00000000e66b0000, 0x00000000f5560000)
  object space 105152K, 64% used [0x00000000e0000000,0x00000000e4209ad0,0x00000000e66b0000)
 PSPermGen       total 132672K, used 91501K [0x00000000d0000000, 0x00000000d8190000, 0x00000000e0000000)
  object space 132672K, 68% used [0x00000000d0000000,0x00000000d595b7a0,0x00000000d8190000)
}
Event: 5729.978 GC heap before
{Heap before GC invocations=114 (full 3):
 PSYoungGen      total 54528K, used 51971K [0x00000000f5560000, 0x00000000f9170000, 0x0000000100000000)
  eden space 48192K, 100% used [0x00000000f5560000,0x00000000f8470000,0x00000000f8470000)
  from space 6336K, 59% used [0x00000000f8b40000,0x00000000f8ef0ce0,0x00000000f9170000)
  to   space 6656K, 0% used [0x00000000f8470000,0x00000000f8470000,0x00000000f8af0000)
 ParOldGen       total 105152K, used 67622K [0x00000000e0000000, 0x00000000e66b0000, 0x00000000f5560000)
  object space 105152K, 64% used [0x00000000e0000000,0x00000000e4209ad0,0x00000000e66b0000)
 PSPermGen       total 132672K, used 91503K [0x00000000d0000000, 0x00000000d8190000, 0x00000000e0000000)
  object space 132672K, 68% used [0x00000000d0000000,0x00000000d595bc58,0x00000000d8190000)
Event: 5729.986 GC heap after
Heap after GC invocations=114 (full 3):
 PSYoungGen      total 54848K, used 3029K [0x00000000f5560000, 0x00000000f9170000, 0x0000000100000000)
  eden space 48192K, 0% used [0x00000000f5560000,0x00000000f5560000,0x00000000f8470000)
  from space 6656K, 45% used [0x00000000f8470000,0x00000000f8765728,0x00000000f8af0000)
  to   space 6528K, 0% used [0x00000000f8b10000,0x00000000f8b10000,0x00000000f9170000)
 ParOldGen       total 105152K, used 67670K [0x00000000e0000000, 0x00000000e66b0000, 0x00000000f5560000)
  object space 105152K, 64% used [0x00000000e0000000,0x00000000e4215ad0,0x00000000e66b0000)
 PSPermGen       total 132672K, used 91503K [0x00000000d0000000, 0x00000000d8190000, 0x00000000e0000000)
  object space 132672K, 68% used [0x00000000d0000000,0x00000000d595bc58,0x00000000d8190000)
}
Event: 5780.005 GC heap before
{Heap before GC invocations=115 (full 3):
 PSYoungGen      total 54848K, used 51221K [0x00000000f5560000, 0x00000000f9170000, 0x0000000100000000)
  eden space 48192K, 100% used [0x00000000f5560000,0x00000000f8470000,0x00000000f8470000)
  from space 6656K, 45% used [0x00000000f8470000,0x00000000f8765728,0x00000000f8af0000)
  to   space 6528K, 0% used [0x00000000f8b10000,0x00000000f8b10000,0x00000000f9170000)
 ParOldGen       total 105152K, used 67670K [0x00000000e0000000, 0x00000000e66b0000, 0x00000000f5560000)
  object space 105152K, 64% used [0x00000000e0000000,0x00000000e4215ad0,0x00000000e66b0000)
 PSPermGen       total 132672K, used 91506K [0x00000000d0000000, 0x00000000d8190000, 0x00000000e0000000)
  object space 132672K, 68% used [0x00000000d0000000,0x00000000d595c8f8,0x00000000d8190000)
Event: 5780.011 GC heap after
Heap after GC invocations=115 (full 3):
 PSYoungGen      total 54592K, used 2803K [0x00000000f5560000, 0x00000000f9120000, 0x0000000100000000)
  eden space 48384K, 0% used [0x00000000f5560000,0x00000000f5560000,0x00000000f84a0000)
  from space 6208K, 45% used [0x00000000f8b10000,0x00000000f8dccc98,0x00000000f9120000)
  to   space 6400K, 0% used [0x00000000f84a0000,0x00000000f84a0000,0x00000000f8ae0000)
 ParOldGen       total 105152K, used 67718K [0x00000000e0000000, 0x00000000e66b0000, 0x00000000f5560000)
  object space 105152K, 64% used [0x00000000e0000000,0x00000000e4221ad0,0x00000000e66b0000)
 PSPermGen       total 132672K, used 91506K [0x00000000d0000000, 0x00000000d8190000, 0x00000000e0000000)
  object space 132672K, 68% used [0x00000000d0000000,0x00000000d595c8f8,0x00000000d8190000)
}
Event: 5892.514 GC heap before
{Heap before GC invocations=116 (full 3):
 PSYoungGen      total 54592K, used 51187K [0x00000000f5560000, 0x00000000f9120000, 0x0000000100000000)
  eden space 48384K, 100% used [0x00000000f5560000,0x00000000f84a0000,0x00000000f84a0000)
  from space 6208K, 45% used [0x00000000f8b10000,0x00000000f8dccc98,0x00000000f9120000)
  to   space 6400K, 0% used [0x00000000f84a0000,0x00000000f84a0000,0x00000000f8ae0000)
 ParOldGen       total 105152K, used 67718K [0x00000000e0000000, 0x00000000e66b0000, 0x00000000f5560000)
  object space 105152K, 64% used [0x00000000e0000000,0x00000000e4221ad0,0x00000000e66b0000)
 PSPermGen       total 132672K, used 91507K [0x00000000d0000000, 0x00000000d8190000, 0x00000000e0000000)
  object space 132672K, 68% used [0x00000000d0000000,0x00000000d595cef0,0x00000000d8190000)
Event: 5892.522 GC heap after
Heap after GC invocations=116 (full 3):
 PSYoungGen      total 54784K, used 4052K [0x00000000f5560000, 0x00000000f9100000, 0x0000000100000000)
  eden space 48384K, 0% used [0x00000000f5560000,0x00000000f5560000,0x00000000f84a0000)
  from space 6400K, 63% used [0x00000000f84a0000,0x00000000f8895218,0x00000000f8ae0000)
  to   space 6272K, 0% used [0x00000000f8ae0000,0x00000000f8ae0000,0x00000000f9100000)
 ParOldGen       total 105152K, used 67847K [0x00000000e0000000, 0x00000000e66b0000, 0x00000000f5560000)
  object space 105152K, 64% used [0x00000000e0000000,0x00000000e4241fd0,0x00000000e66b0000)
 PSPermGen       total 132672K, used 91507K [0x00000000d0000000, 0x00000000d8190000, 0x00000000e0000000)
  object space 132672K, 68% used [0x00000000d0000000,0x00000000d595cef0,0x00000000d8190000)
}

